This is pdfTeX, Version 3.141592653-2.6-1.40.25 (MiKTeX 24.1) (preloaded format=pdflatex 2024.11.29)  30 NOV 2024 01:02
entering extended mode
 restricted \write18 enabled.
 %&-line parsing enabled.
**./scratch.tex
(scratch.tex
LaTeX2e <2023-11-01> patch level 1
L3 programming layer <2024-01-04>
(D:\LateX\Miktex\tex/latex/base\report.cls
Document Class: report 2023/05/17 v1.4n Standard LaTeX document class
(D:\LateX\Miktex\tex/latex/base\size12.clo
File: size12.clo 2023/05/17 v1.4n Standard LaTeX file (size option)
)
\c@part=\count187
\c@chapter=\count188
\c@section=\count189
\c@subsection=\count190
\c@subsubsection=\count191
\c@paragraph=\count192
\c@subparagraph=\count193
\c@figure=\count194
\c@table=\count195
\abovecaptionskip=\skip48
\belowcaptionskip=\skip49
\bibindent=\dimen140
)
(D:\LateX\Miktex\tex/latex/base\inputenc.sty
Package: inputenc 2021/02/14 v1.3d Input encoding file
\inpenc@prehook=\toks17
\inpenc@posthook=\toks18
)
(D:\LateX\Miktex\tex/latex/amsmath\amsmath.sty
Package: amsmath 2023/05/13 v2.17o AMS math features
\@mathmargin=\skip50

For additional information on amsmath, use the `?' option.
(D:\LateX\Miktex\tex/latex/amsmath\amstext.sty
Package: amstext 2021/08/26 v2.01 AMS text

(D:\LateX\Miktex\tex/latex/amsmath\amsgen.sty
File: amsgen.sty 1999/11/30 v2.0 generic functions
\@emptytoks=\toks19
\ex@=\dimen141
))
(D:\LateX\Miktex\tex/latex/amsmath\amsbsy.sty
Package: amsbsy 1999/11/29 v1.2d Bold Symbols
\pmbraise@=\dimen142
)
(D:\LateX\Miktex\tex/latex/amsmath\amsopn.sty
Package: amsopn 2022/04/08 v2.04 operator names
)
\inf@bad=\count196
LaTeX Info: Redefining \frac on input line 234.
\uproot@=\count197
\leftroot@=\count198
LaTeX Info: Redefining \overline on input line 399.
LaTeX Info: Redefining \colon on input line 410.
\classnum@=\count199
\DOTSCASE@=\count266
LaTeX Info: Redefining \ldots on input line 496.
LaTeX Info: Redefining \dots on input line 499.
LaTeX Info: Redefining \cdots on input line 620.
\Mathstrutbox@=\box51
\strutbox@=\box52
LaTeX Info: Redefining \big on input line 722.
LaTeX Info: Redefining \Big on input line 723.
LaTeX Info: Redefining \bigg on input line 724.
LaTeX Info: Redefining \Bigg on input line 725.
\big@size=\dimen143
LaTeX Font Info:    Redeclaring font encoding OML on input line 743.
LaTeX Font Info:    Redeclaring font encoding OMS on input line 744.
\macc@depth=\count267
LaTeX Info: Redefining \bmod on input line 905.
LaTeX Info: Redefining \pmod on input line 910.
LaTeX Info: Redefining \smash on input line 940.
LaTeX Info: Redefining \relbar on input line 970.
LaTeX Info: Redefining \Relbar on input line 971.
\c@MaxMatrixCols=\count268
\dotsspace@=\muskip16
\c@parentequation=\count269
\dspbrk@lvl=\count270
\tag@help=\toks20
\row@=\count271
\column@=\count272
\maxfields@=\count273
\andhelp@=\toks21
\eqnshift@=\dimen144
\alignsep@=\dimen145
\tagshift@=\dimen146
\tagwidth@=\dimen147
\totwidth@=\dimen148
\lineht@=\dimen149
\@envbody=\toks22
\multlinegap=\skip51
\multlinetaggap=\skip52
\mathdisplay@stack=\toks23
LaTeX Info: Redefining \[ on input line 2953.
LaTeX Info: Redefining \] on input line 2954.
)
(D:\LateX\Miktex\tex/latex/amsfonts\amsfonts.sty
Package: amsfonts 2013/01/14 v3.01 Basic AMSFonts support
\symAMSa=\mathgroup4
\symAMSb=\mathgroup5
LaTeX Font Info:    Redeclaring math symbol \hbar on input line 98.
LaTeX Font Info:    Overwriting math alphabet `\mathfrak' in version `bold'
(Font)                  U/euf/m/n --> U/euf/b/n on input line 106.
)
(D:\LateX\Miktex\tex/latex/amsfonts\amssymb.sty
Package: amssymb 2013/01/14 v3.01 AMS font symbols
)
(D:\LateX\Miktex\tex/latex/base\makeidx.sty
Package: makeidx 2021/10/04 v1.0m Standard LaTeX package
)
(D:\LateX\Miktex\tex/latex/graphics\graphicx.sty
Package: graphicx 2021/09/16 v1.2d Enhanced LaTeX Graphics (DPC,SPQR)

(D:\LateX\Miktex\tex/latex/graphics\keyval.sty
Package: keyval 2022/05/29 v1.15 key=value parser (DPC)
\KV@toks@=\toks24
)
(D:\LateX\Miktex\tex/latex/graphics\graphics.sty
Package: graphics 2022/03/10 v1.4e Standard LaTeX Graphics (DPC,SPQR)

(D:\LateX\Miktex\tex/latex/graphics\trig.sty
Package: trig 2021/08/11 v1.11 sin cos tan (DPC)
)
(D:\LateX\Miktex\tex/latex/graphics-cfg\graphics.cfg
File: graphics.cfg 2016/06/04 v1.11 sample graphics configuration
)
Package graphics Info: Driver file: pdftex.def on input line 107.

(D:\LateX\Miktex\tex/latex/graphics-def\pdftex.def
File: pdftex.def 2022/09/22 v1.2b Graphics/color driver for pdftex
))
\Gin@req@height=\dimen150
\Gin@req@width=\dimen151
)
(D:\LateX\Miktex\tex/latex/algorithms\algorithm.sty
Package: algorithm 2009/08/24 v0.1 Document Style `algorithm' - floating enviro
nment

(D:\LateX\Miktex\tex/latex/float\float.sty
Package: float 2001/11/08 v1.3d Float enhancements (AL)
\c@float@type=\count274
\float@exts=\toks25
\float@box=\box53
\@float@everytoks=\toks26
\@floatcapt=\box54
)
(D:\LateX\Miktex\tex/latex/base\ifthen.sty
Package: ifthen 2022/04/13 v1.1d Standard LaTeX ifthen package (DPC)
)
\@float@every@algorithm=\toks27
\c@algorithm=\count275
)
(D:\LateX\Miktex\tex/latex/listings\listings.sty
\lst@mode=\count276
\lst@gtempboxa=\box55
\lst@token=\toks28
\lst@length=\count277
\lst@currlwidth=\dimen152
\lst@column=\count278
\lst@pos=\count279
\lst@lostspace=\dimen153
\lst@width=\dimen154
\lst@newlines=\count280
\lst@lineno=\count281
\lst@maxwidth=\dimen155

(D:\LateX\Miktex\tex/latex/listings\lstmisc.sty
File: lstmisc.sty 2023/02/27 1.9 (Carsten Heinz)
\c@lstnumber=\count282
\lst@skipnumbers=\count283
\lst@framebox=\box56
)
(D:\LateX\Miktex\tex/latex/listings\listings.cfg
File: listings.cfg 2023/02/27 1.9 listings configuration
))
Package: listings 2023/02/27 1.9 (Carsten Heinz)

(D:\LateX\Miktex\tex/latex/algorithmicx\algpseudocode.sty
Package: algpseudocode 

(D:\LateX\Miktex\tex/latex/algorithmicx\algorithmicx.sty
Package: algorithmicx 2005/04/27 v1.2 Algorithmicx

Document Style algorithmicx 1.2 - a greatly improved `algorithmic' style
\c@ALG@line=\count284
\c@ALG@rem=\count285
\c@ALG@nested=\count286
\ALG@tlm=\skip53
\ALG@thistlm=\skip54
\c@ALG@Lnr=\count287
\c@ALG@blocknr=\count288
\c@ALG@storecount=\count289
\c@ALG@tmpcounter=\count290
\ALG@tmplength=\skip55
)
Document Style - pseudocode environments for use with the `algorithmicx' style
) (D:\LateX\Miktex\tex/latex/geometry\geometry.sty
Package: geometry 2020/01/02 v5.9 Page Geometry

(D:\LateX\Miktex\tex/generic/iftex\ifvtex.sty
Package: ifvtex 2019/10/25 v1.7 ifvtex legacy package. Use iftex instead.

(D:\LateX\Miktex\tex/generic/iftex\iftex.sty
Package: iftex 2022/02/03 v1.0f TeX engine tests
))
\Gm@cnth=\count291
\Gm@cntv=\count292
\c@Gm@tempcnt=\count293
\Gm@bindingoffset=\dimen156
\Gm@wd@mp=\dimen157
\Gm@odd@mp=\dimen158
\Gm@even@mp=\dimen159
\Gm@layoutwidth=\dimen160
\Gm@layoutheight=\dimen161
\Gm@layouthoffset=\dimen162
\Gm@layoutvoffset=\dimen163
\Gm@dimlist=\toks29

(D:\LateX\Miktex\tex/latex/geometry\geometry.cfg))
(D:\LateX\Miktex\tex/latex/pgf/frontendlayer\tikz.sty
(D:\LateX\Miktex\tex/latex/pgf/basiclayer\pgf.sty
(D:\LateX\Miktex\tex/latex/pgf/utilities\pgfrcs.sty
(D:\LateX\Miktex\tex/generic/pgf/utilities\pgfutil-common.tex
\pgfutil@everybye=\toks30
\pgfutil@tempdima=\dimen164
\pgfutil@tempdimb=\dimen165
)
(D:\LateX\Miktex\tex/generic/pgf/utilities\pgfutil-latex.def
\pgfutil@abb=\box57
)
(D:\LateX\Miktex\tex/generic/pgf/utilities\pgfrcs.code.tex
(D:\LateX\Miktex\tex/generic/pgf\pgf.revision.tex)
Package: pgfrcs 2023-01-15 v3.1.10 (3.1.10)
))
Package: pgf 2023-01-15 v3.1.10 (3.1.10)

(D:\LateX\Miktex\tex/latex/pgf/basiclayer\pgfcore.sty
(D:\LateX\Miktex\tex/latex/pgf/systemlayer\pgfsys.sty
(D:\LateX\Miktex\tex/generic/pgf/systemlayer\pgfsys.code.tex
Package: pgfsys 2023-01-15 v3.1.10 (3.1.10)

(D:\LateX\Miktex\tex/generic/pgf/utilities\pgfkeys.code.tex
\pgfkeys@pathtoks=\toks31
\pgfkeys@temptoks=\toks32

(D:\LateX\Miktex\tex/generic/pgf/utilities\pgfkeyslibraryfiltered.code.tex
\pgfkeys@tmptoks=\toks33
))
\pgf@x=\dimen166
\pgf@y=\dimen167
\pgf@xa=\dimen168
\pgf@ya=\dimen169
\pgf@xb=\dimen170
\pgf@yb=\dimen171
\pgf@xc=\dimen172
\pgf@yc=\dimen173
\pgf@xd=\dimen174
\pgf@yd=\dimen175
\w@pgf@writea=\write3
\r@pgf@reada=\read2
\c@pgf@counta=\count294
\c@pgf@countb=\count295
\c@pgf@countc=\count296
\c@pgf@countd=\count297
\t@pgf@toka=\toks34
\t@pgf@tokb=\toks35
\t@pgf@tokc=\toks36
\pgf@sys@id@count=\count298

(D:\LateX\Miktex\tex/generic/pgf/systemlayer\pgf.cfg
File: pgf.cfg 2023-01-15 v3.1.10 (3.1.10)
)
Driver file for pgf: pgfsys-pdftex.def

(D:\LateX\Miktex\tex/generic/pgf/systemlayer\pgfsys-pdftex.def
File: pgfsys-pdftex.def 2023-01-15 v3.1.10 (3.1.10)

(D:\LateX\Miktex\tex/generic/pgf/systemlayer\pgfsys-common-pdf.def
File: pgfsys-common-pdf.def 2023-01-15 v3.1.10 (3.1.10)
)))
(D:\LateX\Miktex\tex/generic/pgf/systemlayer\pgfsyssoftpath.code.tex
File: pgfsyssoftpath.code.tex 2023-01-15 v3.1.10 (3.1.10)
\pgfsyssoftpath@smallbuffer@items=\count299
\pgfsyssoftpath@bigbuffer@items=\count300
)
(D:\LateX\Miktex\tex/generic/pgf/systemlayer\pgfsysprotocol.code.tex
File: pgfsysprotocol.code.tex 2023-01-15 v3.1.10 (3.1.10)
))
(D:\LateX\Miktex\tex/latex/xcolor\xcolor.sty
Package: xcolor 2023/11/15 v3.01 LaTeX color extensions (UK)

(D:\LateX\Miktex\tex/latex/graphics-cfg\color.cfg
File: color.cfg 2016/01/02 v1.6 sample color configuration
)
Package xcolor Info: Driver file: pdftex.def on input line 274.

(D:\LateX\Miktex\tex/latex/graphics\mathcolor.ltx)
Package xcolor Info: Model `cmy' substituted by `cmy0' on input line 1350.
Package xcolor Info: Model `hsb' substituted by `rgb' on input line 1354.
Package xcolor Info: Model `RGB' extended on input line 1366.
Package xcolor Info: Model `HTML' substituted by `rgb' on input line 1368.
Package xcolor Info: Model `Hsb' substituted by `hsb' on input line 1369.
Package xcolor Info: Model `tHsb' substituted by `hsb' on input line 1370.
Package xcolor Info: Model `HSB' substituted by `hsb' on input line 1371.
Package xcolor Info: Model `Gray' substituted by `gray' on input line 1372.
Package xcolor Info: Model `wave' substituted by `hsb' on input line 1373.
)
(D:\LateX\Miktex\tex/generic/pgf/basiclayer\pgfcore.code.tex
Package: pgfcore 2023-01-15 v3.1.10 (3.1.10)

(D:\LateX\Miktex\tex/generic/pgf/math\pgfmath.code.tex
(D:\LateX\Miktex\tex/generic/pgf/math\pgfmathutil.code.tex)
(D:\LateX\Miktex\tex/generic/pgf/math\pgfmathparser.code.tex
\pgfmath@dimen=\dimen176
\pgfmath@count=\count301
\pgfmath@box=\box58
\pgfmath@toks=\toks37
\pgfmath@stack@operand=\toks38
\pgfmath@stack@operation=\toks39
)
(D:\LateX\Miktex\tex/generic/pgf/math\pgfmathfunctions.code.tex)
(D:\LateX\Miktex\tex/generic/pgf/math\pgfmathfunctions.basic.code.tex)
(D:\LateX\Miktex\tex/generic/pgf/math\pgfmathfunctions.trigonometric.code.tex)
(D:\LateX\Miktex\tex/generic/pgf/math\pgfmathfunctions.random.code.tex)
(D:\LateX\Miktex\tex/generic/pgf/math\pgfmathfunctions.comparison.code.tex)
(D:\LateX\Miktex\tex/generic/pgf/math\pgfmathfunctions.base.code.tex)
(D:\LateX\Miktex\tex/generic/pgf/math\pgfmathfunctions.round.code.tex)
(D:\LateX\Miktex\tex/generic/pgf/math\pgfmathfunctions.misc.code.tex)
(D:\LateX\Miktex\tex/generic/pgf/math\pgfmathfunctions.integerarithmetics.code.
tex) (D:\LateX\Miktex\tex/generic/pgf/math\pgfmathcalc.code.tex)
(D:\LateX\Miktex\tex/generic/pgf/math\pgfmathfloat.code.tex
\c@pgfmathroundto@lastzeros=\count302
))
(D:\LateX\Miktex\tex/generic/pgf/math\pgfint.code.tex)
(D:\LateX\Miktex\tex/generic/pgf/basiclayer\pgfcorepoints.code.tex
File: pgfcorepoints.code.tex 2023-01-15 v3.1.10 (3.1.10)
\pgf@picminx=\dimen177
\pgf@picmaxx=\dimen178
\pgf@picminy=\dimen179
\pgf@picmaxy=\dimen180
\pgf@pathminx=\dimen181
\pgf@pathmaxx=\dimen182
\pgf@pathminy=\dimen183
\pgf@pathmaxy=\dimen184
\pgf@xx=\dimen185
\pgf@xy=\dimen186
\pgf@yx=\dimen187
\pgf@yy=\dimen188
\pgf@zx=\dimen189
\pgf@zy=\dimen190
)
(D:\LateX\Miktex\tex/generic/pgf/basiclayer\pgfcorepathconstruct.code.tex
File: pgfcorepathconstruct.code.tex 2023-01-15 v3.1.10 (3.1.10)
\pgf@path@lastx=\dimen191
\pgf@path@lasty=\dimen192
)
(D:\LateX\Miktex\tex/generic/pgf/basiclayer\pgfcorepathusage.code.tex
File: pgfcorepathusage.code.tex 2023-01-15 v3.1.10 (3.1.10)
\pgf@shorten@end@additional=\dimen193
\pgf@shorten@start@additional=\dimen194
)
(D:\LateX\Miktex\tex/generic/pgf/basiclayer\pgfcorescopes.code.tex
File: pgfcorescopes.code.tex 2023-01-15 v3.1.10 (3.1.10)
\pgfpic=\box59
\pgf@hbox=\box60
\pgf@layerbox@main=\box61
\pgf@picture@serial@count=\count303
)
(D:\LateX\Miktex\tex/generic/pgf/basiclayer\pgfcoregraphicstate.code.tex
File: pgfcoregraphicstate.code.tex 2023-01-15 v3.1.10 (3.1.10)
\pgflinewidth=\dimen195
)
(D:\LateX\Miktex\tex/generic/pgf/basiclayer\pgfcoretransformations.code.tex
File: pgfcoretransformations.code.tex 2023-01-15 v3.1.10 (3.1.10)
\pgf@pt@x=\dimen196
\pgf@pt@y=\dimen197
\pgf@pt@temp=\dimen198
)
(D:\LateX\Miktex\tex/generic/pgf/basiclayer\pgfcorequick.code.tex
File: pgfcorequick.code.tex 2023-01-15 v3.1.10 (3.1.10)
)
(D:\LateX\Miktex\tex/generic/pgf/basiclayer\pgfcoreobjects.code.tex
File: pgfcoreobjects.code.tex 2023-01-15 v3.1.10 (3.1.10)
)
(D:\LateX\Miktex\tex/generic/pgf/basiclayer\pgfcorepathprocessing.code.tex
File: pgfcorepathprocessing.code.tex 2023-01-15 v3.1.10 (3.1.10)
)
(D:\LateX\Miktex\tex/generic/pgf/basiclayer\pgfcorearrows.code.tex
File: pgfcorearrows.code.tex 2023-01-15 v3.1.10 (3.1.10)
\pgfarrowsep=\dimen199
)
(D:\LateX\Miktex\tex/generic/pgf/basiclayer\pgfcoreshade.code.tex
File: pgfcoreshade.code.tex 2023-01-15 v3.1.10 (3.1.10)
\pgf@max=\dimen256
\pgf@sys@shading@range@num=\count304
\pgf@shadingcount=\count305
)
(D:\LateX\Miktex\tex/generic/pgf/basiclayer\pgfcoreimage.code.tex
File: pgfcoreimage.code.tex 2023-01-15 v3.1.10 (3.1.10)
)
(D:\LateX\Miktex\tex/generic/pgf/basiclayer\pgfcoreexternal.code.tex
File: pgfcoreexternal.code.tex 2023-01-15 v3.1.10 (3.1.10)
\pgfexternal@startupbox=\box62
)
(D:\LateX\Miktex\tex/generic/pgf/basiclayer\pgfcorelayers.code.tex
File: pgfcorelayers.code.tex 2023-01-15 v3.1.10 (3.1.10)
)
(D:\LateX\Miktex\tex/generic/pgf/basiclayer\pgfcoretransparency.code.tex
File: pgfcoretransparency.code.tex 2023-01-15 v3.1.10 (3.1.10)
)
(D:\LateX\Miktex\tex/generic/pgf/basiclayer\pgfcorepatterns.code.tex
File: pgfcorepatterns.code.tex 2023-01-15 v3.1.10 (3.1.10)
)
(D:\LateX\Miktex\tex/generic/pgf/basiclayer\pgfcorerdf.code.tex
File: pgfcorerdf.code.tex 2023-01-15 v3.1.10 (3.1.10)
)))
(D:\LateX\Miktex\tex/generic/pgf/modules\pgfmoduleshapes.code.tex
File: pgfmoduleshapes.code.tex 2023-01-15 v3.1.10 (3.1.10)
\pgfnodeparttextbox=\box63
)
(D:\LateX\Miktex\tex/generic/pgf/modules\pgfmoduleplot.code.tex
File: pgfmoduleplot.code.tex 2023-01-15 v3.1.10 (3.1.10)
)
(D:\LateX\Miktex\tex/latex/pgf/compatibility\pgfcomp-version-0-65.sty
Package: pgfcomp-version-0-65 2023-01-15 v3.1.10 (3.1.10)
\pgf@nodesepstart=\dimen257
\pgf@nodesepend=\dimen258
)
(D:\LateX\Miktex\tex/latex/pgf/compatibility\pgfcomp-version-1-18.sty
Package: pgfcomp-version-1-18 2023-01-15 v3.1.10 (3.1.10)
))
(D:\LateX\Miktex\tex/latex/pgf/utilities\pgffor.sty
(D:\LateX\Miktex\tex/latex/pgf/utilities\pgfkeys.sty
(D:\LateX\Miktex\tex/generic/pgf/utilities\pgfkeys.code.tex))
(D:\LateX\Miktex\tex/latex/pgf/math\pgfmath.sty
(D:\LateX\Miktex\tex/generic/pgf/math\pgfmath.code.tex))
(D:\LateX\Miktex\tex/generic/pgf/utilities\pgffor.code.tex
Package: pgffor 2023-01-15 v3.1.10 (3.1.10)
\pgffor@iter=\dimen259
\pgffor@skip=\dimen260
\pgffor@stack=\toks40
\pgffor@toks=\toks41
))
(D:\LateX\Miktex\tex/generic/pgf/frontendlayer/tikz\tikz.code.tex
Package: tikz 2023-01-15 v3.1.10 (3.1.10)

(D:\LateX\Miktex\tex/generic/pgf/libraries\pgflibraryplothandlers.code.tex
File: pgflibraryplothandlers.code.tex 2023-01-15 v3.1.10 (3.1.10)
\pgf@plot@mark@count=\count306
\pgfplotmarksize=\dimen261
)
\tikz@lastx=\dimen262
\tikz@lasty=\dimen263
\tikz@lastxsaved=\dimen264
\tikz@lastysaved=\dimen265
\tikz@lastmovetox=\dimen266
\tikz@lastmovetoy=\dimen267
\tikzleveldistance=\dimen268
\tikzsiblingdistance=\dimen269
\tikz@figbox=\box64
\tikz@figbox@bg=\box65
\tikz@tempbox=\box66
\tikz@tempbox@bg=\box67
\tikztreelevel=\count307
\tikznumberofchildren=\count308
\tikznumberofcurrentchild=\count309
\tikz@fig@count=\count310

(D:\LateX\Miktex\tex/generic/pgf/modules\pgfmodulematrix.code.tex
File: pgfmodulematrix.code.tex 2023-01-15 v3.1.10 (3.1.10)
\pgfmatrixcurrentrow=\count311
\pgfmatrixcurrentcolumn=\count312
\pgf@matrix@numberofcolumns=\count313
)
\tikz@expandcount=\count314

(D:\LateX\Miktex\tex/generic/pgf/frontendlayer/tikz/libraries\tikzlibrarytopath
s.code.tex
File: tikzlibrarytopaths.code.tex 2023-01-15 v3.1.10 (3.1.10)
)))
(D:\LateX\Miktex\tex/generic/pgf/frontendlayer/tikz/libraries\tikzlibraryshapes
.code.tex
File: tikzlibraryshapes.code.tex 2023-01-15 v3.1.10 (3.1.10)

(D:\LateX\Miktex\tex/generic/pgf/frontendlayer/tikz/libraries\tikzlibraryshapes
.geometric.code.tex
File: tikzlibraryshapes.geometric.code.tex 2023-01-15 v3.1.10 (3.1.10)

(D:\LateX\Miktex\tex/generic/pgf/libraries/shapes\pgflibraryshapes.geometric.co
de.tex
File: pgflibraryshapes.geometric.code.tex 2023-01-15 v3.1.10 (3.1.10)
))
(D:\LateX\Miktex\tex/generic/pgf/frontendlayer/tikz/libraries\tikzlibraryshapes
.misc.code.tex
File: tikzlibraryshapes.misc.code.tex 2023-01-15 v3.1.10 (3.1.10)

(D:\LateX\Miktex\tex/generic/pgf/libraries/shapes\pgflibraryshapes.misc.code.te
x
File: pgflibraryshapes.misc.code.tex 2023-01-15 v3.1.10 (3.1.10)
))
(D:\LateX\Miktex\tex/generic/pgf/frontendlayer/tikz/libraries\tikzlibraryshapes
.symbols.code.tex
File: tikzlibraryshapes.symbols.code.tex 2023-01-15 v3.1.10 (3.1.10)

(D:\LateX\Miktex\tex/generic/pgf/libraries/shapes\pgflibraryshapes.symbols.code
.tex
File: pgflibraryshapes.symbols.code.tex 2023-01-15 v3.1.10 (3.1.10)
))
(D:\LateX\Miktex\tex/generic/pgf/frontendlayer/tikz/libraries\tikzlibraryshapes
.arrows.code.tex
File: tikzlibraryshapes.arrows.code.tex 2023-01-15 v3.1.10 (3.1.10)

(D:\LateX\Miktex\tex/generic/pgf/libraries/shapes\pgflibraryshapes.arrows.code.
tex
File: pgflibraryshapes.arrows.code.tex 2023-01-15 v3.1.10 (3.1.10)
))
(D:\LateX\Miktex\tex/generic/pgf/frontendlayer/tikz/libraries\tikzlibraryshapes
.callouts.code.tex
(D:\LateX\Miktex\tex/generic/pgf/libraries/shapes\pgflibraryshapes.callouts.cod
e.tex))
(D:\LateX\Miktex\tex/generic/pgf/frontendlayer/tikz/libraries\tikzlibraryshapes
.multipart.code.tex
File: tikzlibraryshapes.multipart.code.tex 2023-01-15 v3.1.10 (3.1.10)

(D:\LateX\Miktex\tex/generic/pgf/libraries/shapes\pgflibraryshapes.multipart.co
de.tex
File: pgflibraryshapes.multipart.code.tex 2023-01-15 v3.1.10 (3.1.10)
\pgfnodepartlowerbox=\box68
\pgfnodeparttwobox=\box69
\pgfnodepartthreebox=\box70
\pgfnodepartfourbox=\box71
\pgfnodeparttwentybox=\box72
\pgfnodepartnineteenbox=\box73
\pgfnodeparteighteenbox=\box74
\pgfnodepartseventeenbox=\box75
\pgfnodepartsixteenbox=\box76
\pgfnodepartfifteenbox=\box77
\pgfnodepartfourteenbox=\box78
\pgfnodepartthirteenbox=\box79
\pgfnodeparttwelvebox=\box80
\pgfnodepartelevenbox=\box81
\pgfnodeparttenbox=\box82
\pgfnodepartninebox=\box83
\pgfnodeparteightbox=\box84
\pgfnodepartsevenbox=\box85
\pgfnodepartsixbox=\box86
\pgfnodepartfivebox=\box87
)))
(D:\LateX\Miktex\tex/generic/pgf/frontendlayer/tikz/libraries\tikzlibraryarrows
.code.tex
File: tikzlibraryarrows.code.tex 2023-01-15 v3.1.10 (3.1.10)
 (D:\LateX\Miktex\tex/generic/pgf/libraries\pgflibraryarrows.code.tex
File: pgflibraryarrows.code.tex 2023-01-15 v3.1.10 (3.1.10)
\arrowsize=\dimen270
))
(D:\LateX\Miktex\tex/generic/pgf/frontendlayer/tikz/libraries\tikzlibrarypositi
oning.code.tex
File: tikzlibrarypositioning.code.tex 2023-01-15 v3.1.10 (3.1.10)
) (D:\LateX\Miktex\tex/latex/hyperref\hyperref.sty
Package: hyperref 2023-11-26 v7.01g Hypertext links for LaTeX

(D:\LateX\Miktex\tex/generic/infwarerr\infwarerr.sty
Package: infwarerr 2019/12/03 v1.5 Providing info/warning/error messages (HO)
)
(D:\LateX\Miktex\tex/latex/kvsetkeys\kvsetkeys.sty
Package: kvsetkeys 2022-10-05 v1.19 Key value parser (HO)
)
(D:\LateX\Miktex\tex/generic/kvdefinekeys\kvdefinekeys.sty
Package: kvdefinekeys 2019-12-19 v1.6 Define keys (HO)
)
(D:\LateX\Miktex\tex/generic/pdfescape\pdfescape.sty
Package: pdfescape 2019/12/09 v1.15 Implements pdfTeX's escape features (HO)

(D:\LateX\Miktex\tex/generic/ltxcmds\ltxcmds.sty
Package: ltxcmds 2023-12-04 v1.26 LaTeX kernel commands for general use (HO)
)
(D:\LateX\Miktex\tex/generic/pdftexcmds\pdftexcmds.sty
Package: pdftexcmds 2020-06-27 v0.33 Utility functions of pdfTeX for LuaTeX (HO
)
Package pdftexcmds Info: \pdf@primitive is available.
Package pdftexcmds Info: \pdf@ifprimitive is available.
Package pdftexcmds Info: \pdfdraftmode found.
))
(D:\LateX\Miktex\tex/latex/hycolor\hycolor.sty
Package: hycolor 2020-01-27 v1.10 Color options for hyperref/bookmark (HO)
)
(D:\LateX\Miktex\tex/latex/letltxmacro\letltxmacro.sty
Package: letltxmacro 2019/12/03 v1.6 Let assignment for LaTeX macros (HO)
)
(D:\LateX\Miktex\tex/latex/auxhook\auxhook.sty
Package: auxhook 2019-12-17 v1.6 Hooks for auxiliary files (HO)
)
(D:\LateX\Miktex\tex/latex/hyperref\nameref.sty
Package: nameref 2023-11-26 v2.56 Cross-referencing by name of section

(D:\LateX\Miktex\tex/latex/refcount\refcount.sty
Package: refcount 2019/12/15 v3.6 Data extraction from label references (HO)
)
(D:\LateX\Miktex\tex/generic/gettitlestring\gettitlestring.sty
Package: gettitlestring 2019/12/15 v1.6 Cleanup title references (HO)

(D:\LateX\Miktex\tex/latex/kvoptions\kvoptions.sty
Package: kvoptions 2022-06-15 v3.15 Key value format for package options (HO)
))
\c@section@level=\count315
)
(D:\LateX\Miktex\tex/latex/etoolbox\etoolbox.sty
Package: etoolbox 2020/10/05 v2.5k e-TeX tools for LaTeX (JAW)
\etb@tempcnta=\count316
)
\@linkdim=\dimen271
\Hy@linkcounter=\count317
\Hy@pagecounter=\count318

(D:\LateX\Miktex\tex/latex/hyperref\pd1enc.def
File: pd1enc.def 2023-11-26 v7.01g Hyperref: PDFDocEncoding definition (HO)
Now handling font encoding PD1 ...
... no UTF-8 mapping file for font encoding PD1
)
(D:\LateX\Miktex\tex/generic/intcalc\intcalc.sty
Package: intcalc 2019/12/15 v1.3 Expandable calculations with integers (HO)
)
\Hy@SavedSpaceFactor=\count319

(D:\LateX\Miktex\tex/latex/hyperref\puenc.def
File: puenc.def 2023-11-26 v7.01g Hyperref: PDF Unicode definition (HO)
Now handling font encoding PU ...
... no UTF-8 mapping file for font encoding PU
)
Package hyperref Info: Hyper figures OFF on input line 4181.
Package hyperref Info: Link nesting OFF on input line 4186.
Package hyperref Info: Hyper index ON on input line 4189.
Package hyperref Info: Plain pages OFF on input line 4196.
Package hyperref Info: Backreferencing OFF on input line 4201.
Package hyperref Info: Implicit mode ON; LaTeX internals redefined.
Package hyperref Info: Bookmarks ON on input line 4448.
\c@Hy@tempcnt=\count320

(D:\LateX\Miktex\tex/latex/url\url.sty
\Urlmuskip=\muskip17
Package: url 2013/09/16  ver 3.4  Verb mode for urls, etc.
)
LaTeX Info: Redefining \url on input line 4786.
\XeTeXLinkMargin=\dimen272

(D:\LateX\Miktex\tex/generic/bitset\bitset.sty
Package: bitset 2019/12/09 v1.3 Handle bit-vector datatype (HO)

(D:\LateX\Miktex\tex/generic/bigintcalc\bigintcalc.sty
Package: bigintcalc 2019/12/15 v1.5 Expandable calculations on big integers (HO
)
))
\Fld@menulength=\count321
\Field@Width=\dimen273
\Fld@charsize=\dimen274
Package hyperref Info: Hyper figures OFF on input line 6065.
Package hyperref Info: Link nesting OFF on input line 6070.
Package hyperref Info: Hyper index ON on input line 6073.
Package hyperref Info: backreferencing OFF on input line 6080.
Package hyperref Info: Link coloring OFF on input line 6085.
Package hyperref Info: Link coloring with OCG OFF on input line 6090.
Package hyperref Info: PDF/A mode OFF on input line 6095.

(D:\LateX\Miktex\tex/latex/base\atbegshi-ltx.sty
Package: atbegshi-ltx 2021/01/10 v1.0c Emulation of the original atbegshi
package with kernel methods
)
\Hy@abspage=\count322
\c@Item=\count323
\c@Hfootnote=\count324
)
Package hyperref Info: Driver (autodetected): hpdftex.

(D:\LateX\Miktex\tex/latex/hyperref\hpdftex.def
File: hpdftex.def 2023-11-26 v7.01g Hyperref driver for pdfTeX

(D:\LateX\Miktex\tex/latex/base\atveryend-ltx.sty
Package: atveryend-ltx 2020/08/19 v1.0a Emulation of the original atveryend pac
kage
with kernel methods
)
\Fld@listcount=\count325
\c@bookmark@seq@number=\count326

(D:\LateX\Miktex\tex/latex/rerunfilecheck\rerunfilecheck.sty
Package: rerunfilecheck 2022-07-10 v1.10 Rerun checks for auxiliary files (HO)

(D:\LateX\Miktex\tex/generic/uniquecounter\uniquecounter.sty
Package: uniquecounter 2019/12/15 v1.4 Provide unlimited unique counter (HO)
)
Package uniquecounter Info: New unique counter `rerunfilecheck' on input line 2
85.
)
\Hy@SectionHShift=\skip56
)
(D:\LateX\Miktex\tex/latex/l3backend\l3backend-pdftex.def
File: l3backend-pdftex.def 2024-01-04 L3 backend support: PDF output (pdfTeX)
\l__color_backend_stack_int=\count327
\l__pdf_internal_box=\box88
) (scratch.aux

LaTeX Warning: Label `sec:engack' multiply defined.


LaTeX Warning: Label `fig:base' multiply defined.

)
\openout1 = `scratch.aux'.

LaTeX Font Info:    Checking defaults for OML/cmm/m/it on input line 21.
LaTeX Font Info:    ... okay on input line 21.
LaTeX Font Info:    Checking defaults for OMS/cmsy/m/n on input line 21.
LaTeX Font Info:    ... okay on input line 21.
LaTeX Font Info:    Checking defaults for OT1/cmr/m/n on input line 21.
LaTeX Font Info:    ... okay on input line 21.
LaTeX Font Info:    Checking defaults for T1/cmr/m/n on input line 21.
LaTeX Font Info:    ... okay on input line 21.
LaTeX Font Info:    Checking defaults for TS1/cmr/m/n on input line 21.
LaTeX Font Info:    ... okay on input line 21.
LaTeX Font Info:    Checking defaults for OMX/cmex/m/n on input line 21.
LaTeX Font Info:    ... okay on input line 21.
LaTeX Font Info:    Checking defaults for U/cmr/m/n on input line 21.
LaTeX Font Info:    ... okay on input line 21.
LaTeX Font Info:    Checking defaults for PD1/pdf/m/n on input line 21.
LaTeX Font Info:    ... okay on input line 21.
LaTeX Font Info:    Checking defaults for PU/pdf/m/n on input line 21.
LaTeX Font Info:    ... okay on input line 21.
 (D:\LateX\Miktex\tex/context/base/mkii\supp-pdf.mkii
[Loading MPS to PDF converter (version 2006.09.02).]
\scratchcounter=\count328
\scratchdimen=\dimen275
\scratchbox=\box89
\nofMPsegments=\count329
\nofMParguments=\count330
\everyMPshowfont=\toks42
\MPscratchCnt=\count331
\MPscratchDim=\dimen276
\MPnumerator=\count332
\makeMPintoPDFobject=\count333
\everyMPtoPDFconversion=\toks43
) (D:\LateX\Miktex\tex/latex/epstopdf-pkg\epstopdf-base.sty
Package: epstopdf-base 2020-01-24 v2.11 Base part for package epstopdf
Package epstopdf-base Info: Redefining graphics rule for `.eps' on input line 4
85.

(D:\LateX\Miktex\tex/latex/00miktex\epstopdf-sys.cfg
File: epstopdf-sys.cfg 2021/03/18 v2.0 Configuration of epstopdf for MiKTeX
))
\c@lstlisting=\count334

*geometry* driver: auto-detecting
*geometry* detected driver: pdftex
*geometry* verbose mode - [ preamble ] result:
* driver: pdftex
* paper: a4paper
* layout: <same size as paper>
* layoutoffset:(h,v)=(0.0pt,0.0pt)
* modes: 
* h-part:(L,W,R)=(113.81102pt, 426.79135pt, 56.9055pt)
* v-part:(T,H,B)=(85.35826pt, 674.33032pt, 85.35826pt)
* \paperwidth=597.50787pt
* \paperheight=845.04684pt
* \textwidth=426.79135pt
* \textheight=674.33032pt
* \oddsidemargin=41.54103pt
* \evensidemargin=41.54103pt
* \topmargin=-23.91173pt
* \headheight=12.0pt
* \headsep=25.0pt
* \topskip=12.0pt
* \footskip=30.0pt
* \marginparwidth=35.0pt
* \marginparsep=10.0pt
* \columnsep=10.0pt
* \skip\footins=10.8pt plus 4.0pt minus 2.0pt
* \hoffset=0.0pt
* \voffset=0.0pt
* \mag=1000
* \@twocolumnfalse
* \@twosidefalse
* \@mparswitchfalse
* \@reversemarginfalse
* (1in=72.27pt=25.4mm, 1cm=28.453pt)

Package hyperref Info: Link coloring OFF on input line 21.
(scratch.out) (scratch.out)
\@outlinefile=\write4
\openout4 = `scratch.out'.

*geometry* verbose mode - [ newgeometry ] result:
* driver: pdftex
* paper: a4paper
* layout: <same size as paper>
* layoutoffset:(h,v)=(0.0pt,0.0pt)
* modes: 
* h-part:(L,W,R)=(56.9055pt, 483.69687pt, 56.9055pt)
* v-part:(T,H,B)=(85.35826pt, 674.33032pt, 85.35826pt)
* \paperwidth=597.50787pt
* \paperheight=845.04684pt
* \textwidth=483.69687pt
* \textheight=674.33032pt
* \oddsidemargin=-15.36449pt
* \evensidemargin=-15.36449pt
* \topmargin=-23.91173pt
* \headheight=12.0pt
* \headsep=25.0pt
* \topskip=12.0pt
* \footskip=30.0pt
* \marginparwidth=35.0pt
* \marginparsep=10.0pt
* \columnsep=10.0pt
* \skip\footins=10.8pt plus 4.0pt minus 2.0pt
* \hoffset=0.0pt
* \voffset=0.0pt
* \mag=1000
* \@twocolumnfalse
* \@twosidefalse
* \@mparswitchfalse
* \@reversemarginfalse
* (1in=72.27pt=25.4mm, 1cm=28.453pt)



LaTeX Font Warning: Font shape `OT1/cmr/m/n' in size <24> not available
(Font)              size <24.88> substituted on input line 27.

LaTeX Font Info:    Trying to load font information for OT1+ptm on input line 2
7.
(D:\LateX\Miktex\tex/latex/psnfss\ot1ptm.fd
File: ot1ptm.fd 2001/06/04 font definitions for OT1/ptm.
)

LaTeX Font Warning: Font shape `OT1/cmr/m/n' in size <18> not available
(Font)              size <17.28> substituted on input line 39.

<iiitk_logo.jpg, id=102, 264.38776pt x 294.50024pt>
File: iiitk_logo.jpg Graphic file (type jpg)
<use iiitk_logo.jpg>
Package pdftex.def Info: iiitk_logo.jpg  used on input line 42.
(pdftex.def)             Requested size: 241.84843pt x 269.40216pt.
[1



{C:/Users/tamal/AppData/Local/MiKTeX/fonts/map/pdftex/pdftex.map} <./iiitk_logo
.jpg>]
LaTeX Font Info:    Trying to load font information for U+msa on input line 79.

 (D:\LateX\Miktex\tex/latex/amsfonts\umsa.fd
File: umsa.fd 2013/01/14 v3.01 AMS symbols A
)
LaTeX Font Info:    Trying to load font information for U+msb on input line 79.


(D:\LateX\Miktex\tex/latex/amsfonts\umsb.fd
File: umsb.fd 2013/01/14 v3.01 AMS symbols B
)
Underfull \hbox (badness 10000) in paragraph at lines 68--84

 []


Underfull \hbox (badness 10000) in paragraph at lines 68--84

 []


Underfull \hbox (badness 10000) in paragraph at lines 68--84

 []


Underfull \hbox (badness 10000) in paragraph at lines 68--84

 []


Underfull \hbox (badness 10000) in paragraph at lines 68--84

 []


Underfull \hbox (badness 10000) in paragraph at lines 68--84

 []


Underfull \hbox (badness 10000) in paragraph at lines 68--84

 []

[1


]
Underfull \hbox (badness 10000) in paragraph at lines 90--121

 []


Underfull \hbox (badness 10000) in paragraph at lines 90--121

 []


Underfull \hbox (badness 10000) in paragraph at lines 90--121

 []


Underfull \hbox (badness 10000) in paragraph at lines 90--121

 []


Underfull \hbox (badness 10000) in paragraph at lines 90--121

 []


Underfull \hbox (badness 10000) in paragraph at lines 90--121

 []

[2


]
Underfull \hbox (badness 10000) in paragraph at lines 126--157

 []


Underfull \hbox (badness 10000) in paragraph at lines 126--157

 []


Underfull \hbox (badness 10000) in paragraph at lines 126--157

 []


Underfull \hbox (badness 10000) in paragraph at lines 126--157

 []


Underfull \hbox (badness 10000) in paragraph at lines 126--157

 []


Underfull \hbox (badness 10000) in paragraph at lines 126--157

 []

[3


]
Underfull \hbox (badness 10000) in paragraph at lines 160--161

 []

[4


] (scratch.toc)
\tf@toc=\write5
\openout5 = `scratch.toc'.

 [5


] [6

]
pdfTeX warning (ext4): destination with the same identifier (name{page.1}) has 
been already used, duplicate ignored
<to be read again> 
                   \relax 
l.196 	\newpage
                [1

] [2]
Overfull \hbox (8.13947pt too wide) in paragraph at lines 230--231
[]\OT1/cmr/m/n/12 Developing and im-ple-ment-ing \OT1/cmr/bx/n/12 APIs \OT1/cmr
/m/n/12 for \OT1/cmr/bx/n/12 ex-ter-nal con-trol \OT1/cmr/m/n/12 of the ve-hi-c
le through
 []

[3] [4

]
Underfull \hbox (badness 10000) in paragraph at lines 269--273

 []


Underfull \hbox (badness 10000) in paragraph at lines 269--273

 []


Underfull \hbox (badness 10000) in paragraph at lines 269--273

 []


Underfull \hbox (badness 10000) in paragraph at lines 275--279

 []


Underfull \hbox (badness 10000) in paragraph at lines 275--279

 []


Underfull \hbox (badness 10000) in paragraph at lines 275--279

 []

[5] [6] [7

]
<espCam.png, id=208, 179.92218pt x 170.13562pt>
File: espCam.png Graphic file (type png)
<use espCam.png>
Package pdftex.def Info: espCam.png  used on input line 346.
(pdftex.def)             Requested size: 213.39568pt x 201.80449pt.

Underfull \hbox (badness 10000) in paragraph at lines 343--349

 []

[8]
Underfull \hbox (badness 10000) in paragraph at lines 365--366

 []

<l298n.jpg, id=218, 943.525pt x 1003.75pt>
File: l298n.jpg Graphic file (type jpg)
<use l298n.jpg>
Package pdftex.def Info: l298n.jpg  used on input line 370.
(pdftex.def)             Requested size: 213.39568pt x 227.01334pt.
[9 <./espCam.png> <./l298n.jpg>]
<powerCircuit.png, id=227, 137.7647pt x 128.73094pt>
File: powerCircuit.png Graphic file (type png)
<use powerCircuit.png>
Package pdftex.def Info: powerCircuit.png  used on input line 393.
(pdftex.def)             Requested size: 192.0548pt x 179.47955pt.
<buckConverter.png, id=228, 161.85469pt x 183.68625pt>
File: buckConverter.png Graphic file (type png)
<use buckConverter.png>
Package pdftex.def Info: buckConverter.png  used on input line 399.
(pdftex.def)             Requested size: 192.0548pt x 217.9727pt.
<base.png, id=229, 204.01219pt x 163.3603pt>
File: base.png Graphic file (type png)
<use base.png>
Package pdftex.def Info: base.png  used on input line 424.
(pdftex.def)             Requested size: 192.0548pt x 153.793pt.
<bodMotor.png, id=230, 216.05719pt x 167.87718pt>
File: bodMotor.png Graphic file (type png)
<use bodMotor.png>
Package pdftex.def Info: bodMotor.png  used on input line 430.
(pdftex.def)             Requested size: 192.0548pt x 149.23346pt.
 [10 <./powerCircuit.png> <./buckConverter.png>]
<powerBank.png, id=241, 139.27031pt x 182.18062pt>
File: powerBank.png Graphic file (type png)
<use powerBank.png>
Package pdftex.def Info: powerBank.png  used on input line 448.
(pdftex.def)             Requested size: 213.39568pt x 279.15239pt.
 [11 <./base.png> <./bodMotor.png> <./powerBank.png>]
<s90.jpg, id=254, 1426.32875pt x 1179.40625pt>
File: s90.jpg Graphic file (type jpg)
<use s90.jpg>
Package pdftex.def Info: s90.jpg  used on input line 471.
(pdftex.def)             Requested size: 128.0387pt x 105.87204pt.
<wheel.png, id=255, 201.75375pt x 153.57375pt>
File: wheel.png Graphic file (type png)
<use wheel.png>
Package pdftex.def Info: wheel.png  used on input line 477.
(pdftex.def)             Requested size: 128.0387pt x 97.46199pt.
<espHolder.png, id=256, 231.86626pt x 139.27031pt>
File: espHolder.png Graphic file (type png)
<use espHolder.png>
Package pdftex.def Info: espHolder.png  used on input line 483.
(pdftex.def)             Requested size: 128.0387pt x 76.90703pt.
<usbPowerbank.png, id=257, 654.94687pt x 252.945pt>
File: usbPowerbank.png Graphic file (type png)
<use usbPowerbank.png>
Package pdftex.def Info: usbPowerbank.png  used on input line 531.
(pdftex.def)             Requested size: 192.0548pt x 74.17041pt.
<circuitDiagram.png, id=258, 652.839pt x 548.449pt>
File: circuitDiagram.png Graphic file (type png)
<use circuitDiagram.png>
Package pdftex.def Info: circuitDiagram.png  used on input line 537.
(pdftex.def)             Requested size: 192.0548pt x 161.33914pt.
 [12 <./s90.jpg> <./wheel.png> <./espHolder.png>] [13 <./usbPowerbank.png> <./c
ircuitDiagram.png>]
[14

]
Overfull \hbox (5.57378pt too wide) in paragraph at lines 565--566
\OT1/cmr/m/n/12 lac-tic Acid) ma-te-rial, cho-sen for its strength, pre-ci-sion
, and lightweight
 []

[15] [16] [17]
<person.png, id=308, 494.44725pt x 525.76425pt>
File: person.png Graphic file (type png)
<use person.png>
Package pdftex.def Info: person.png  used on input line 673.
(pdftex.def)             Requested size: 128.0387pt x 136.14995pt.

Underfull \hbox (badness 4765) in paragraph at lines 674--674
[]\OT1/cmr/m/n/12 Figure 13: []Detecting
 []

<bottle.png, id=309, 489.62926pt x 526.96875pt>
File: bottle.png Graphic file (type png)
<use bottle.png>
Package pdftex.def Info: bottle.png  used on input line 679.
(pdftex.def)             Requested size: 128.0387pt x 137.79665pt.

Underfull \hbox (badness 4765) in paragraph at lines 680--680
[]\OT1/cmr/m/n/12 Figure 14: []Detecting
 []

<phone.png, id=310, 492.6405pt x 526.96875pt>
File: phone.png Graphic file (type png)
<use phone.png>
Package pdftex.def Info: phone.png  used on input line 685.
(pdftex.def)             Requested size: 128.0387pt x 136.96039pt.
[18 <./person.png> <./bottle.png> <./phone.png>] [19] [20

]
<wheelTest1.png, id=338, 636.12656pt x 295.1025pt>
File: wheelTest1.png Graphic file (type png)
<use wheelTest1.png>
Package pdftex.def Info: wheelTest1.png  used on input line 779.
(pdftex.def)             Requested size: 192.0548pt x 89.09428pt.
<wheelTest2.png, id=339, 637.63219pt x 244.66406pt>
File: wheelTest2.png Graphic file (type png)
<use wheelTest2.png>
Package pdftex.def Info: wheelTest2.png  used on input line 785.
(pdftex.def)             Requested size: 192.0548pt x 73.69096pt.
<servoMotorTest1.png, id=340, 623.32875pt x 248.42813pt>
File: servoMotorTest1.png Graphic file (type png)
<use servoMotorTest1.png>
Package pdftex.def Info: servoMotorTest1.png  used on input line 797.
(pdftex.def)             Requested size: 192.0548pt x 76.54187pt.
<servoMotorTest2.png, id=341, 633.86812pt x 294.34969pt>
File: servoMotorTest2.png Graphic file (type png)
<use servoMotorTest2.png>
Package pdftex.def Info: servoMotorTest2.png  used on input line 803.
(pdftex.def)             Requested size: 192.0548pt x 89.1814pt.
 [21 <./wheelTest1.png> <./wheelTest2.png>]
<flashlightTest1.png, id=352, 625.58719pt x 243.91125pt>
File: flashlightTest1.png Graphic file (type png)
<use flashlightTest1.png>
Package pdftex.def Info: flashlightTest1.png  used on input line 815.
(pdftex.def)             Requested size: 192.0548pt x 74.87851pt.
<flashlightTest2.png, id=353, 626.34pt x 250.68657pt>
File: flashlightTest2.png Graphic file (type png)
<use flashlightTest2.png>
Package pdftex.def Info: flashlightTest2.png  used on input line 821.
(pdftex.def)             Requested size: 192.0548pt x 76.86667pt.
 [22 <./servoMotorTest1.png> <./servoMotorTest2.png> <./flashlightTest1.png> <.
/flashlightTest2.png>]
Overfull \hbox (5.14717pt too wide) in paragraph at lines 904--905
[]\OT1/cmr/m/n/12 Continuous op-er-a-tion, in-clud-ing video stream-ing and mo-
tor ac-tiv-ity, lasted
 []

[23] [24] [25

] [26] [27

] [28] [29] (scratch.bbl
Underfull \hbox (badness 10000) in paragraph at lines 7--12
\OT1/cmr/m/n/12 tech-niques  []$\OT1/cmtt/m/n/12 https : / / www . researchgate
 . net / publication / 367002075 _
 []


Underfull \hbox (badness 10000) in paragraph at lines 7--12
\OT1/cmtt/m/n/12 Landslide _ detection _ monitoring _ and _ prediction _ with _
 remote-[]sensing _
 []


Underfull \hbox (badness 10000) in paragraph at lines 14--17
[]\OT1/cmr/m/n/12 Nikhil Tomar.  UNET Im-ple-men-ta-tion in Py-Torch | Id-
 []


Underfull \hbox (badness 10000) in paragraph at lines 14--17
\OT1/cmr/m/n/12 iot De-vel-oper.  []$\OT1/cmtt/m/n/12 https : / / medium . com 
/ analytics-[]vidhya /
 []

) [30

] (scratch.aux)
 ***********
LaTeX2e <2023-11-01> patch level 1
L3 programming layer <2024-01-04>
 ***********


LaTeX Font Warning: Size substitutions with differences
(Font)              up to 0.88pt have occurred.


LaTeX Warning: There were multiply-defined labels.

Package rerunfilecheck Info: File `scratch.out' has not changed.
(rerunfilecheck)             Checksum: A85AB72A73439E1F772560F719C2F141;4078.
 ) 
Here is how much of TeX's memory you used:
 25496 strings out of 474486
 482024 string characters out of 5757355
 1935542 words of memory out of 5000000
 47195 multiletter control sequences out of 15000+600000
 568527 words of font info for 71 fonts, out of 8000000 for 9000
 1141 hyphenation exceptions out of 8191
 84i,9n,93p,746b,662s stack positions out of 10000i,1000n,20000p,200000b,200000s
 <C:\Users\tamal\AppData\Local\MiKTeX\fonts/pk/ljfour/jknappen/ec/dpi600\tcrm
1200.pk><D:/LateX/Miktex/fonts/type1/public/amsfonts/cm/cmbx12.pfb><D:/LateX/Mi
ktex/fonts/type1/public/amsfonts/cm/cmmi12.pfb><D:/LateX/Miktex/fonts/type1/pub
lic/amsfonts/cm/cmr12.pfb><D:/LateX/Miktex/fonts/type1/public/amsfonts/cm/cmr17
.pfb><D:/LateX/Miktex/fonts/type1/public/amsfonts/cm/cmsy10.pfb><D:/LateX/Mikte
x/fonts/type1/public/amsfonts/cm/cmti12.pfb><D:/LateX/Miktex/fonts/type1/public
/amsfonts/cm/cmtt12.pfb>
Output written on scratch.pdf (37 pages, 2516461 bytes).
PDF statistics:
 512 PDF objects out of 1000 (max. 8388607)
 164 named destinations out of 1000 (max. 500000)
 315 words of extra memory for PDF output out of 10000 (max. 10000000)

