\BOOKMARK [1][-]{section.0.1}{\376\377\000I\000n\000t\000r\000o\000d\000u\000c\000t\000i\000o\000n}{}% 1
\BOOKMARK [2][-]{subsection.0.1.1}{\376\377\000P\000r\000o\000b\000l\000e\000m\000\040\000S\000t\000a\000t\000e\000m\000e\000n\000t\000\040}{section.0.1}% 2
\BOOKMARK [2][-]{subsection.0.1.2}{\376\377\000O\000b\000j\000e\000c\000t\000i\000v\000e\000\040}{section.0.1}% 3
\BOOKMARK [1][-]{section.0.2}{\376\377\000L\000i\000t\000e\000r\000a\000t\000u\000r\000e\000\040\000R\000e\000v\000i\000e\000w}{}% 4
\BOOKMARK [2][-]{subsection.0.2.1}{\376\377\000A\000u\000t\000o\000n\000o\000m\000o\000u\000s\000\040\000M\000u\000l\000t\000i\000-\000R\000o\000b\000o\000t\000\040\000S\000e\000a\000r\000c\000h\000\040\000f\000o\000r\000\040\000H\000a\000z\000a\000r\000d\000o\000u\000s\000\040\000S\000o\000u\000r\000c\000e}{section.0.2}% 5
\BOOKMARK [2][-]{subsection.0.2.2}{\376\377\000A\000N\000Y\000m\000a\000l\000:\000\040\000R\000o\000b\000o\000t\000i\000c\000\040\000S\000y\000s\000t\000e\000m\000s\000\040\000f\000o\000r\000\040\000C\000h\000a\000l\000l\000e\000n\000g\000i\000n\000g\000\040\000E\000n\000v\000i\000r\000o\000n\000m\000e\000n\000t\000s}{section.0.2}% 6
\BOOKMARK [2][-]{subsection.0.2.3}{\376\377\000K\000e\000y\000\040\000T\000a\000k\000e\000a\000w\000a\000y\000s}{section.0.2}% 7
\BOOKMARK [1][-]{section.0.3}{\376\377\000S\000y\000s\000t\000e\000m\000\040\000D\000e\000s\000i\000g\000n\000\040\000a\000n\000d\000\040\000C\000o\000m\000p\000o\000n\000e\000n\000t\000s}{}% 8
\BOOKMARK [2][-]{subsection.0.3.1}{\376\377\000W\000o\000r\000k\000f\000l\000o\000w\000\040\000O\000v\000e\000r\000v\000i\000e\000w}{section.0.3}% 9
\BOOKMARK [2][-]{subsection.0.3.2}{\376\377\000L\000i\000s\000t\000\040\000o\000f\000\040\000C\000o\000m\000p\000o\000n\000e\000n\000t\000s}{section.0.3}% 10
\BOOKMARK [2][-]{subsection.0.3.3}{\376\377\000C\000i\000r\000c\000u\000i\000t\000\040\000D\000e\000s\000i\000g\000n}{section.0.3}% 11
\BOOKMARK [1][-]{section.0.4}{\376\377\000I\000m\000p\000l\000e\000m\000e\000n\000t\000a\000t\000i\000o\000n}{}% 12
\BOOKMARK [2][-]{subsection.0.4.1}{\376\377\000H\000a\000r\000d\000w\000a\000r\000e\000\040\000A\000s\000s\000e\000m\000b\000l\000y}{section.0.4}% 13
\BOOKMARK [2][-]{subsection.0.4.2}{\376\377\000S\000o\000f\000t\000w\000a\000r\000e\000\040\000D\000e\000v\000e\000l\000o\000p\000m\000e\000n\000t}{section.0.4}% 14
\BOOKMARK [2][-]{subsection.0.4.3}{\376\377\000O\000b\000j\000e\000c\000t\000\040\000D\000e\000t\000e\000c\000t\000i\000o\000n\000\040\000u\000s\000i\000n\000g\000\040\000M\000a\000c\000h\000i\000n\000e\000\040\000L\000e\000a\000r\000n\000i\000n\000g}{section.0.4}% 15
\BOOKMARK [2][-]{subsection.0.4.4}{\376\377\000C\000h\000a\000l\000l\000e\000n\000g\000e\000s\000\040\000a\000n\000d\000\040\000S\000o\000l\000u\000t\000i\000o\000n\000s}{section.0.4}% 16
\BOOKMARK [1][-]{section.0.5}{\376\377\000T\000e\000s\000t\000i\000n\000g\000\040\000a\000n\000d\000\040\000P\000e\000r\000f\000o\000r\000m\000a\000n\000c\000e\000\040\000E\000v\000a\000l\000u\000a\000t\000i\000o\000n}{}% 17
\BOOKMARK [2][-]{subsection.0.5.1}{\376\377\000T\000e\000s\000t\000\040\000S\000c\000e\000n\000a\000r\000i\000o\000s}{section.0.5}% 18
\BOOKMARK [2][-]{subsection.0.5.2}{\376\377\000O\000b\000s\000e\000r\000v\000a\000t\000i\000o\000n\000s\000\040\000a\000n\000d\000\040\000M\000e\000t\000r\000i\000c\000s}{section.0.5}% 19
\BOOKMARK [2][-]{subsection.0.5.3}{\376\377\000D\000i\000s\000c\000u\000s\000s\000i\000o\000n\000\040\000o\000f\000\040\000R\000e\000s\000u\000l\000t\000s}{section.0.5}% 20
\BOOKMARK [1][-]{section.0.6}{\376\377\000A\000p\000p\000l\000i\000c\000a\000t\000i\000o\000n\000s}{}% 21
\BOOKMARK [1][-]{section.0.7}{\376\377\000C\000o\000n\000c\000l\000u\000s\000i\000o\000n\000\040\000a\000n\000d\000\040\000F\000u\000t\000u\000r\000e\000\040\000S\000c\000o\000p\000e}{}% 22
\BOOKMARK [2][-]{subsection.0.7.1}{\376\377\000C\000o\000n\000c\000l\000u\000s\000i\000o\000n}{section.0.7}% 23
\BOOKMARK [2][-]{subsection.0.7.2}{\376\377\000F\000u\000t\000u\000r\000e\000\040\000S\000c\000o\000p\000e}{section.0.7}% 24
